              :-) GROMACS - gmx energy, 2020.1-Ubuntu-2020.1-1 (-:

                            GROMACS is written by:
     Emile Apol      Rossen Apostolov      Paul Bauer     Herman J.C. Berendsen
    Par Bjelkmar      Christian Blau   Viacheslav Bolnykh     Kevin Boyd    
 Aldert van Buuren   Rudi van Drunen     Anton Feenstra       Alan Gray     
  Gerrit Groenhof     Anca Hamuraru    Vincent Hindriksen  M. Eric Irrgang  
  Aleksei Iupinov   Christoph Junghans     Joe Jordan     Dimitrios Karkoulis
    Peter Kasson        Jiri Kraus      Carsten Kutzner      Per Larsson    
  Justin A. Lemkul    Viveca Lindahl    Magnus Lundborg     Erik Marklund   
    Pascal Merz     Pieter Meulenhoff    Teemu Murtola       Szilard Pall   
    Sander Pronk      Roland Schulz      Michael Shirts    Alexey Shvetsov  
   Alfons Sijbers     Peter Tieleman      Jon Vincent      Teemu Virolainen 
 Christian Wennberg    Maarten Wolf      Artem Zhmurov   
                           and the project leaders:
        Mark Abraham, Berk Hess, Erik Lindahl, and David van der Spoel

Copyright (c) 1991-2000, University of Groningen, The Netherlands.
Copyright (c) 2001-2019, The GROMACS development team at
Uppsala University, Stockholm University and
the Royal Institute of Technology, Sweden.
check out http://www.gromacs.org for more information.

GROMACS is free software; you can redistribute it and/or modify it
under the terms of the GNU Lesser General Public License
as published by the Free Software Foundation; either version 2.1
of the License, or (at your option) any later version.

GROMACS:      gmx energy, version 2020.1-Ubuntu-2020.1-1
Executable:   /usr/bin/gmx
Data prefix:  /usr
Working dir:  /home/joaov/Dropbox/Share-MMS-2020/JVitorino_-_MM-PBSA/MM-PBSA/03_python-mmpbsa_calculation
Command line:
  gmx energy -f TMP.edr -o TMP_Coul-SR:MonomerA-MonomerB.xvg

Note: enx file_version 1, software version 5
Opened TMP.edr as single precision energy file
Note: enx file_version 1, software version 5

Select the terms you want from the following list by
selecting either (part of) the name or the number or a combination.
End your selection with an empty line or a zero.
-------------------------------------------------------------------
  1  G96Bond          2  G96Angle         3  Proper-Dih.      4  Improper-Dih. 
  5  LJ-14            6  Coulomb-14       7  LJ-(SR)          8  Coulomb-(SR)  
  9  RF-excl.        10  Potential       11  Kinetic-En.     12  Total-Energy  
 13  Temperature     14  Pressure-(bar)  15  Vir-XX          16  Vir-XY        
 17  Vir-XZ          18  Vir-YX          19  Vir-YY          20  Vir-YZ        
 21  Vir-ZX          22  Vir-ZY          23  Vir-ZZ          24  Pres-XX-(bar) 
 25  Pres-XY-(bar)   26  Pres-XZ-(bar)   27  Pres-YX-(bar)   28  Pres-YY-(bar) 
 29  Pres-YZ-(bar)   30  Pres-ZX-(bar)   31  Pres-ZY-(bar)   32  Pres-ZZ-(bar) 
 33  #Surf*SurfTen   34  Mu-X            35  Mu-Y            36  Mu-Z          
 37  Coul-SR:MonomerA-MonomerA           38  LJ-SR:MonomerA-MonomerA           
 39  Coul-14:MonomerA-MonomerA           40  LJ-14:MonomerA-MonomerA           
 41  Coul-SR:MonomerA-MonomerB           42  LJ-SR:MonomerA-MonomerB           
 43  Coul-14:MonomerA-MonomerB           44  LJ-14:MonomerA-MonomerB           
 45  Coul-SR:MonomerB-MonomerB           46  LJ-SR:MonomerB-MonomerB           
 47  Coul-14:MonomerB-MonomerB           48  LJ-14:MonomerB-MonomerB           
 49  T-rest        

Reading energy frame      0 time    0.000         Last energy frame read 0 time    0.000         

GROMACS reminds you: "It's Calling Me to Break my Bonds, Again..." (Van der Graaf)


Statistics over 1 steps [ 0.0000 through 0.0000 ps ], 1 data sets
All statistics are over 1 points

Energy                      Average   Err.Est.       RMSD  Tot-Drift
-------------------------------------------------------------------------------
Coul-SR:MonomerA-MonomerB   -227.049         --          0          0  (kJ/mol)
              :-) GROMACS - gmx energy, 2020.1-Ubuntu-2020.1-1 (-:

                            GROMACS is written by:
     Emile Apol      Rossen Apostolov      Paul Bauer     Herman J.C. Berendsen
    Par Bjelkmar      Christian Blau   Viacheslav Bolnykh     Kevin Boyd    
 Aldert van Buuren   Rudi van Drunen     Anton Feenstra       Alan Gray     
  Gerrit Groenhof     Anca Hamuraru    Vincent Hindriksen  M. Eric Irrgang  
  Aleksei Iupinov   Christoph Junghans     Joe Jordan     Dimitrios Karkoulis
    Peter Kasson        Jiri Kraus      Carsten Kutzner      Per Larsson    
  Justin A. Lemkul    Viveca Lindahl    Magnus Lundborg     Erik Marklund   
    Pascal Merz     Pieter Meulenhoff    Teemu Murtola       Szilard Pall   
    Sander Pronk      Roland Schulz      Michael Shirts    Alexey Shvetsov  
   Alfons Sijbers     Peter Tieleman      Jon Vincent      Teemu Virolainen 
 Christian Wennberg    Maarten Wolf      Artem Zhmurov   
                           and the project leaders:
        Mark Abraham, Berk Hess, Erik Lindahl, and David van der Spoel

Copyright (c) 1991-2000, University of Groningen, The Netherlands.
Copyright (c) 2001-2019, The GROMACS development team at
Uppsala University, Stockholm University and
the Royal Institute of Technology, Sweden.
check out http://www.gromacs.org for more information.

GROMACS is free software; you can redistribute it and/or modify it
under the terms of the GNU Lesser General Public License
as published by the Free Software Foundation; either version 2.1
of the License, or (at your option) any later version.

GROMACS:      gmx energy, version 2020.1-Ubuntu-2020.1-1
Executable:   /usr/bin/gmx
Data prefix:  /usr
Working dir:  /home/joaov/Dropbox/Share-MMS-2020/JVitorino_-_MM-PBSA/MM-PBSA/03_python-mmpbsa_calculation
Command line:
  gmx energy -f TMP.edr -o TMP_LJ-SR:MonomerA-MonomerB.xvg

Note: enx file_version 1, software version 5
Opened TMP.edr as single precision energy file
Note: enx file_version 1, software version 5

Select the terms you want from the following list by
selecting either (part of) the name or the number or a combination.
End your selection with an empty line or a zero.
-------------------------------------------------------------------
  1  G96Bond          2  G96Angle         3  Proper-Dih.      4  Improper-Dih. 
  5  LJ-14            6  Coulomb-14       7  LJ-(SR)          8  Coulomb-(SR)  
  9  RF-excl.        10  Potential       11  Kinetic-En.     12  Total-Energy  
 13  Temperature     14  Pressure-(bar)  15  Vir-XX          16  Vir-XY        
 17  Vir-XZ          18  Vir-YX          19  Vir-YY          20  Vir-YZ        
 21  Vir-ZX          22  Vir-ZY          23  Vir-ZZ          24  Pres-XX-(bar) 
 25  Pres-XY-(bar)   26  Pres-XZ-(bar)   27  Pres-YX-(bar)   28  Pres-YY-(bar) 
 29  Pres-YZ-(bar)   30  Pres-ZX-(bar)   31  Pres-ZY-(bar)   32  Pres-ZZ-(bar) 
 33  #Surf*SurfTen   34  Mu-X            35  Mu-Y            36  Mu-Z          
 37  Coul-SR:MonomerA-MonomerA           38  LJ-SR:MonomerA-MonomerA           
 39  Coul-14:MonomerA-MonomerA           40  LJ-14:MonomerA-MonomerA           
 41  Coul-SR:MonomerA-MonomerB           42  LJ-SR:MonomerA-MonomerB           
 43  Coul-14:MonomerA-MonomerB           44  LJ-14:MonomerA-MonomerB           
 45  Coul-SR:MonomerB-MonomerB           46  LJ-SR:MonomerB-MonomerB           
 47  Coul-14:MonomerB-MonomerB           48  LJ-14:MonomerB-MonomerB           
 49  T-rest        

Reading energy frame      0 time    0.000         Last energy frame read 0 time    0.000         

GROMACS reminds you: "If There Is No Guitar In The House, You Know It's Owner Can Not Be Trusted" (Gogol Bordello)


Statistics over 1 steps [ 0.0000 through 0.0000 ps ], 1 data sets
All statistics are over 1 points

Energy                      Average   Err.Est.       RMSD  Tot-Drift
-------------------------------------------------------------------------------
LJ-SR:MonomerA-MonomerB    -198.371         --          0          0  (kJ/mol)
              :-) GROMACS - gmx energy, 2020.1-Ubuntu-2020.1-1 (-:

                            GROMACS is written by:
     Emile Apol      Rossen Apostolov      Paul Bauer     Herman J.C. Berendsen
    Par Bjelkmar      Christian Blau   Viacheslav Bolnykh     Kevin Boyd    
 Aldert van Buuren   Rudi van Drunen     Anton Feenstra       Alan Gray     
  Gerrit Groenhof     Anca Hamuraru    Vincent Hindriksen  M. Eric Irrgang  
  Aleksei Iupinov   Christoph Junghans     Joe Jordan     Dimitrios Karkoulis
    Peter Kasson        Jiri Kraus      Carsten Kutzner      Per Larsson    
  Justin A. Lemkul    Viveca Lindahl    Magnus Lundborg     Erik Marklund   
    Pascal Merz     Pieter Meulenhoff    Teemu Murtola       Szilard Pall   
    Sander Pronk      Roland Schulz      Michael Shirts    Alexey Shvetsov  
   Alfons Sijbers     Peter Tieleman      Jon Vincent      Teemu Virolainen 
 Christian Wennberg    Maarten Wolf      Artem Zhmurov   
                           and the project leaders:
        Mark Abraham, Berk Hess, Erik Lindahl, and David van der Spoel

Copyright (c) 1991-2000, University of Groningen, The Netherlands.
Copyright (c) 2001-2019, The GROMACS development team at
Uppsala University, Stockholm University and
the Royal Institute of Technology, Sweden.
check out http://www.gromacs.org for more information.

GROMACS is free software; you can redistribute it and/or modify it
under the terms of the GNU Lesser General Public License
as published by the Free Software Foundation; either version 2.1
of the License, or (at your option) any later version.

GROMACS:      gmx energy, version 2020.1-Ubuntu-2020.1-1
Executable:   /usr/bin/gmx
Data prefix:  /usr
Working dir:  /home/joaov/Dropbox/Share-MMS-2020/JVitorino_-_MM-PBSA/MM-PBSA/03_python-mmpbsa_calculation
Command line:
  gmx energy -f TMP.edr -o TMP_Coul-SR:MonomerA-MonomerB.xvg

Note: enx file_version 1, software version 5
Opened TMP.edr as single precision energy file
Note: enx file_version 1, software version 5

Select the terms you want from the following list by
selecting either (part of) the name or the number or a combination.
End your selection with an empty line or a zero.
-------------------------------------------------------------------
  1  G96Bond          2  G96Angle         3  Proper-Dih.      4  Improper-Dih. 
  5  LJ-14            6  Coulomb-14       7  LJ-(SR)          8  Coulomb-(SR)  
  9  RF-excl.        10  Potential       11  Kinetic-En.     12  Total-Energy  
 13  Temperature     14  Pressure-(bar)  15  Vir-XX          16  Vir-XY        
 17  Vir-XZ          18  Vir-YX          19  Vir-YY          20  Vir-YZ        
 21  Vir-ZX          22  Vir-ZY          23  Vir-ZZ          24  Pres-XX-(bar) 
 25  Pres-XY-(bar)   26  Pres-XZ-(bar)   27  Pres-YX-(bar)   28  Pres-YY-(bar) 
 29  Pres-YZ-(bar)   30  Pres-ZX-(bar)   31  Pres-ZY-(bar)   32  Pres-ZZ-(bar) 
 33  #Surf*SurfTen   34  Mu-X            35  Mu-Y            36  Mu-Z          
 37  Coul-SR:MonomerA-MonomerA           38  LJ-SR:MonomerA-MonomerA           
 39  Coul-14:MonomerA-MonomerA           40  LJ-14:MonomerA-MonomerA           
 41  Coul-SR:MonomerA-MonomerB           42  LJ-SR:MonomerA-MonomerB           
 43  Coul-14:MonomerA-MonomerB           44  LJ-14:MonomerA-MonomerB           
 45  Coul-SR:MonomerB-MonomerB           46  LJ-SR:MonomerB-MonomerB           
 47  Coul-14:MonomerB-MonomerB           48  LJ-14:MonomerB-MonomerB           
 49  T-rest        


Back Off! I just backed up TMP_Coul-SR:MonomerA-MonomerB.xvg to ./#TMP_Coul-SR:MonomerA-MonomerB.xvg.1#
Reading energy frame      0 time    0.000         Last energy frame read 0 time    0.000         

GROMACS reminds you: "It is unfortunate that the authors did not make better use of all the electric power energy that went into these massive computations." (An anonymous referee)


Statistics over 1 steps [ 0.0000 through 0.0000 ps ], 1 data sets
All statistics are over 1 points

Energy                      Average   Err.Est.       RMSD  Tot-Drift
-------------------------------------------------------------------------------
Coul-SR:MonomerA-MonomerB   -227.049         --          0          0  (kJ/mol)
              :-) GROMACS - gmx energy, 2020.1-Ubuntu-2020.1-1 (-:

                            GROMACS is written by:
     Emile Apol      Rossen Apostolov      Paul Bauer     Herman J.C. Berendsen
    Par Bjelkmar      Christian Blau   Viacheslav Bolnykh     Kevin Boyd    
 Aldert van Buuren   Rudi van Drunen     Anton Feenstra       Alan Gray     
  Gerrit Groenhof     Anca Hamuraru    Vincent Hindriksen  M. Eric Irrgang  
  Aleksei Iupinov   Christoph Junghans     Joe Jordan     Dimitrios Karkoulis
    Peter Kasson        Jiri Kraus      Carsten Kutzner      Per Larsson    
  Justin A. Lemkul    Viveca Lindahl    Magnus Lundborg     Erik Marklund   
    Pascal Merz     Pieter Meulenhoff    Teemu Murtola       Szilard Pall   
    Sander Pronk      Roland Schulz      Michael Shirts    Alexey Shvetsov  
   Alfons Sijbers     Peter Tieleman      Jon Vincent      Teemu Virolainen 
 Christian Wennberg    Maarten Wolf      Artem Zhmurov   
                           and the project leaders:
        Mark Abraham, Berk Hess, Erik Lindahl, and David van der Spoel

Copyright (c) 1991-2000, University of Groningen, The Netherlands.
Copyright (c) 2001-2019, The GROMACS development team at
Uppsala University, Stockholm University and
the Royal Institute of Technology, Sweden.
check out http://www.gromacs.org for more information.

GROMACS is free software; you can redistribute it and/or modify it
under the terms of the GNU Lesser General Public License
as published by the Free Software Foundation; either version 2.1
of the License, or (at your option) any later version.

GROMACS:      gmx energy, version 2020.1-Ubuntu-2020.1-1
Executable:   /usr/bin/gmx
Data prefix:  /usr
Working dir:  /home/joaov/Dropbox/Share-MMS-2020/JVitorino_-_MM-PBSA/MM-PBSA/03_python-mmpbsa_calculation
Command line:
  gmx energy -f TMP.edr -o TMP_Coul-SR:MonomerA-MonomerB.xvg

Note: enx file_version 1, software version 5
Opened TMP.edr as single precision energy file
Note: enx file_version 1, software version 5

Select the terms you want from the following list by
selecting either (part of) the name or the number or a combination.
End your selection with an empty line or a zero.
-------------------------------------------------------------------
  1  G96Bond          2  G96Angle         3  Proper-Dih.      4  Improper-Dih. 
  5  LJ-14            6  Coulomb-14       7  LJ-(SR)          8  Coulomb-(SR)  
  9  RF-excl.        10  Potential       11  Kinetic-En.     12  Total-Energy  
 13  Temperature     14  Pressure-(bar)  15  Vir-XX          16  Vir-XY        
 17  Vir-XZ          18  Vir-YX          19  Vir-YY          20  Vir-YZ        
 21  Vir-ZX          22  Vir-ZY          23  Vir-ZZ          24  Pres-XX-(bar) 
 25  Pres-XY-(bar)   26  Pres-XZ-(bar)   27  Pres-YX-(bar)   28  Pres-YY-(bar) 
 29  Pres-YZ-(bar)   30  Pres-ZX-(bar)   31  Pres-ZY-(bar)   32  Pres-ZZ-(bar) 
 33  #Surf*SurfTen   34  Mu-X            35  Mu-Y            36  Mu-Z          
 37  Coul-SR:MonomerA-MonomerA           38  LJ-SR:MonomerA-MonomerA           
 39  Coul-14:MonomerA-MonomerA           40  LJ-14:MonomerA-MonomerA           
 41  Coul-SR:MonomerA-MonomerB           42  LJ-SR:MonomerA-MonomerB           
 43  Coul-14:MonomerA-MonomerB           44  LJ-14:MonomerA-MonomerB           
 45  Coul-SR:MonomerB-MonomerB           46  LJ-SR:MonomerB-MonomerB           
 47  Coul-14:MonomerB-MonomerB           48  LJ-14:MonomerB-MonomerB           
 49  T-rest        


Back Off! I just backed up TMP_Coul-SR:MonomerA-MonomerB.xvg to ./#TMP_Coul-SR:MonomerA-MonomerB.xvg.2#
Reading energy frame      0 time    0.000         Last energy frame read 0 time    0.000         

GROMACS reminds you: "Programming today is a race between software engineers striving to build bigger and better idiot-proof programs, and the universe trying to build bigger and better idiots. So far, the universe is winning." (Rick Cook)


Statistics over 1 steps [ 0.0000 through 0.0000 ps ], 1 data sets
All statistics are over 1 points

Energy                      Average   Err.Est.       RMSD  Tot-Drift
-------------------------------------------------------------------------------
Coul-SR:MonomerA-MonomerB   -227.049         --          0          0  (kJ/mol)
              :-) GROMACS - gmx energy, 2020.1-Ubuntu-2020.1-1 (-:

                            GROMACS is written by:
     Emile Apol      Rossen Apostolov      Paul Bauer     Herman J.C. Berendsen
    Par Bjelkmar      Christian Blau   Viacheslav Bolnykh     Kevin Boyd    
 Aldert van Buuren   Rudi van Drunen     Anton Feenstra       Alan Gray     
  Gerrit Groenhof     Anca Hamuraru    Vincent Hindriksen  M. Eric Irrgang  
  Aleksei Iupinov   Christoph Junghans     Joe Jordan     Dimitrios Karkoulis
    Peter Kasson        Jiri Kraus      Carsten Kutzner      Per Larsson    
  Justin A. Lemkul    Viveca Lindahl    Magnus Lundborg     Erik Marklund   
    Pascal Merz     Pieter Meulenhoff    Teemu Murtola       Szilard Pall   
    Sander Pronk      Roland Schulz      Michael Shirts    Alexey Shvetsov  
   Alfons Sijbers     Peter Tieleman      Jon Vincent      Teemu Virolainen 
 Christian Wennberg    Maarten Wolf      Artem Zhmurov   
                           and the project leaders:
        Mark Abraham, Berk Hess, Erik Lindahl, and David van der Spoel

Copyright (c) 1991-2000, University of Groningen, The Netherlands.
Copyright (c) 2001-2019, The GROMACS development team at
Uppsala University, Stockholm University and
the Royal Institute of Technology, Sweden.
check out http://www.gromacs.org for more information.

GROMACS is free software; you can redistribute it and/or modify it
under the terms of the GNU Lesser General Public License
as published by the Free Software Foundation; either version 2.1
of the License, or (at your option) any later version.

GROMACS:      gmx energy, version 2020.1-Ubuntu-2020.1-1
Executable:   /usr/bin/gmx
Data prefix:  /usr
Working dir:  /home/joaov/Dropbox/Share-MMS-2020/JVitorino_-_MM-PBSA/MM-PBSA/03_python-mmpbsa_calculation
Command line:
  gmx energy -f TMP.edr -o TMP_Coul-SR:MonomerA-MonomerB.xvg

Note: enx file_version 1, software version 5
Opened TMP.edr as single precision energy file
Note: enx file_version 1, software version 5

Select the terms you want from the following list by
selecting either (part of) the name or the number or a combination.
End your selection with an empty line or a zero.
-------------------------------------------------------------------
  1  G96Bond          2  G96Angle         3  Proper-Dih.      4  Improper-Dih. 
  5  LJ-14            6  Coulomb-14       7  LJ-(SR)          8  Coulomb-(SR)  
  9  RF-excl.        10  Potential       11  Kinetic-En.     12  Total-Energy  
 13  Temperature     14  Pressure-(bar)  15  Vir-XX          16  Vir-XY        
 17  Vir-XZ          18  Vir-YX          19  Vir-YY          20  Vir-YZ        
 21  Vir-ZX          22  Vir-ZY          23  Vir-ZZ          24  Pres-XX-(bar) 
 25  Pres-XY-(bar)   26  Pres-XZ-(bar)   27  Pres-YX-(bar)   28  Pres-YY-(bar) 
 29  Pres-YZ-(bar)   30  Pres-ZX-(bar)   31  Pres-ZY-(bar)   32  Pres-ZZ-(bar) 
 33  #Surf*SurfTen   34  Mu-X            35  Mu-Y            36  Mu-Z          
 37  Coul-SR:MonomerA-MonomerA           38  LJ-SR:MonomerA-MonomerA           
 39  Coul-14:MonomerA-MonomerA           40  LJ-14:MonomerA-MonomerA           
 41  Coul-SR:MonomerA-MonomerB           42  LJ-SR:MonomerA-MonomerB           
 43  Coul-14:MonomerA-MonomerB           44  LJ-14:MonomerA-MonomerB           
 45  Coul-SR:MonomerB-MonomerB           46  LJ-SR:MonomerB-MonomerB           
 47  Coul-14:MonomerB-MonomerB           48  LJ-14:MonomerB-MonomerB           
 49  T-rest        


Back Off! I just backed up TMP_Coul-SR:MonomerA-MonomerB.xvg to ./#TMP_Coul-SR:MonomerA-MonomerB.xvg.3#
Reading energy frame      0 time    0.000         Last energy frame read 0 time    0.000         

GROMACS reminds you: "Gabba Gabba Hey!" (The Ramones)


Statistics over 1 steps [ 0.0000 through 0.0000 ps ], 1 data sets
All statistics are over 1 points

Energy                      Average   Err.Est.       RMSD  Tot-Drift
-------------------------------------------------------------------------------
Coul-SR:MonomerA-MonomerB   -227.049         --          0          0  (kJ/mol)
              :-) GROMACS - gmx energy, 2020.1-Ubuntu-2020.1-1 (-:

                            GROMACS is written by:
     Emile Apol      Rossen Apostolov      Paul Bauer     Herman J.C. Berendsen
    Par Bjelkmar      Christian Blau   Viacheslav Bolnykh     Kevin Boyd    
 Aldert van Buuren   Rudi van Drunen     Anton Feenstra       Alan Gray     
  Gerrit Groenhof     Anca Hamuraru    Vincent Hindriksen  M. Eric Irrgang  
  Aleksei Iupinov   Christoph Junghans     Joe Jordan     Dimitrios Karkoulis
    Peter Kasson        Jiri Kraus      Carsten Kutzner      Per Larsson    
  Justin A. Lemkul    Viveca Lindahl    Magnus Lundborg     Erik Marklund   
    Pascal Merz     Pieter Meulenhoff    Teemu Murtola       Szilard Pall   
    Sander Pronk      Roland Schulz      Michael Shirts    Alexey Shvetsov  
   Alfons Sijbers     Peter Tieleman      Jon Vincent      Teemu Virolainen 
 Christian Wennberg    Maarten Wolf      Artem Zhmurov   
                           and the project leaders:
        Mark Abraham, Berk Hess, Erik Lindahl, and David van der Spoel

Copyright (c) 1991-2000, University of Groningen, The Netherlands.
Copyright (c) 2001-2019, The GROMACS development team at
Uppsala University, Stockholm University and
the Royal Institute of Technology, Sweden.
check out http://www.gromacs.org for more information.

GROMACS is free software; you can redistribute it and/or modify it
under the terms of the GNU Lesser General Public License
as published by the Free Software Foundation; either version 2.1
of the License, or (at your option) any later version.

GROMACS:      gmx energy, version 2020.1-Ubuntu-2020.1-1
Executable:   /usr/bin/gmx
Data prefix:  /usr
Working dir:  /home/joaov/Dropbox/Share-MMS-2020/JVitorino_-_MM-PBSA/MM-PBSA/03_python-mmpbsa_calculation
Command line:
  gmx energy -f TMP.edr -o TMP_Coul-SR:MonomerA-MonomerB.xvg

Note: enx file_version 1, software version 5
Opened TMP.edr as single precision energy file
Note: enx file_version 1, software version 5

Select the terms you want from the following list by
selecting either (part of) the name or the number or a combination.
End your selection with an empty line or a zero.
-------------------------------------------------------------------
  1  G96Bond          2  G96Angle         3  Proper-Dih.      4  Improper-Dih. 
  5  LJ-14            6  Coulomb-14       7  LJ-(SR)          8  Coulomb-(SR)  
  9  RF-excl.        10  Potential       11  Kinetic-En.     12  Total-Energy  
 13  Temperature     14  Pressure-(bar)  15  Vir-XX          16  Vir-XY        
 17  Vir-XZ          18  Vir-YX          19  Vir-YY          20  Vir-YZ        
 21  Vir-ZX          22  Vir-ZY          23  Vir-ZZ          24  Pres-XX-(bar) 
 25  Pres-XY-(bar)   26  Pres-XZ-(bar)   27  Pres-YX-(bar)   28  Pres-YY-(bar) 
 29  Pres-YZ-(bar)   30  Pres-ZX-(bar)   31  Pres-ZY-(bar)   32  Pres-ZZ-(bar) 
 33  #Surf*SurfTen   34  Mu-X            35  Mu-Y            36  Mu-Z          
 37  Coul-SR:MonomerA-MonomerA           38  LJ-SR:MonomerA-MonomerA           
 39  Coul-14:MonomerA-MonomerA           40  LJ-14:MonomerA-MonomerA           
 41  Coul-SR:MonomerA-MonomerB           42  LJ-SR:MonomerA-MonomerB           
 43  Coul-14:MonomerA-MonomerB           44  LJ-14:MonomerA-MonomerB           
 45  Coul-SR:MonomerB-MonomerB           46  LJ-SR:MonomerB-MonomerB           
 47  Coul-14:MonomerB-MonomerB           48  LJ-14:MonomerB-MonomerB           
 49  T-rest        


Back Off! I just backed up TMP_Coul-SR:MonomerA-MonomerB.xvg to ./#TMP_Coul-SR:MonomerA-MonomerB.xvg.4#
Reading energy frame      0 time    0.000         Last energy frame read 0 time    0.000         

GROMACS reminds you: "Programming today is a race between software engineers striving to build bigger and better idiot-proof programs, and the universe trying to build bigger and better idiots. So far, the universe is winning." (Rick Cook)


Statistics over 1 steps [ 0.0000 through 0.0000 ps ], 1 data sets
All statistics are over 1 points

Energy                      Average   Err.Est.       RMSD  Tot-Drift
-------------------------------------------------------------------------------
Coul-SR:MonomerA-MonomerB   -227.049         --          0          0  (kJ/mol)
              :-) GROMACS - gmx energy, 2020.1-Ubuntu-2020.1-1 (-:

                            GROMACS is written by:
     Emile Apol      Rossen Apostolov      Paul Bauer     Herman J.C. Berendsen
    Par Bjelkmar      Christian Blau   Viacheslav Bolnykh     Kevin Boyd    
 Aldert van Buuren   Rudi van Drunen     Anton Feenstra       Alan Gray     
  Gerrit Groenhof     Anca Hamuraru    Vincent Hindriksen  M. Eric Irrgang  
  Aleksei Iupinov   Christoph Junghans     Joe Jordan     Dimitrios Karkoulis
    Peter Kasson        Jiri Kraus      Carsten Kutzner      Per Larsson    
  Justin A. Lemkul    Viveca Lindahl    Magnus Lundborg     Erik Marklund   
    Pascal Merz     Pieter Meulenhoff    Teemu Murtola       Szilard Pall   
    Sander Pronk      Roland Schulz      Michael Shirts    Alexey Shvetsov  
   Alfons Sijbers     Peter Tieleman      Jon Vincent      Teemu Virolainen 
 Christian Wennberg    Maarten Wolf      Artem Zhmurov   
                           and the project leaders:
        Mark Abraham, Berk Hess, Erik Lindahl, and David van der Spoel

Copyright (c) 1991-2000, University of Groningen, The Netherlands.
Copyright (c) 2001-2019, The GROMACS development team at
Uppsala University, Stockholm University and
the Royal Institute of Technology, Sweden.
check out http://www.gromacs.org for more information.

GROMACS is free software; you can redistribute it and/or modify it
under the terms of the GNU Lesser General Public License
as published by the Free Software Foundation; either version 2.1
of the License, or (at your option) any later version.

GROMACS:      gmx energy, version 2020.1-Ubuntu-2020.1-1
Executable:   /usr/bin/gmx
Data prefix:  /usr
Working dir:  /home/joaov/Dropbox/Share-MMS-2020/JVitorino_-_MM-PBSA/MM-PBSA/03_python-mmpbsa_calculation
Command line:
  gmx energy -f TMP.edr -o TMP_Coul-SR:MonomerA-MonomerB.xvg

Note: enx file_version 1, software version 5
Opened TMP.edr as single precision energy file
Note: enx file_version 1, software version 5

Select the terms you want from the following list by
selecting either (part of) the name or the number or a combination.
End your selection with an empty line or a zero.
-------------------------------------------------------------------
  1  G96Bond          2  G96Angle         3  Proper-Dih.      4  Improper-Dih. 
  5  LJ-14            6  Coulomb-14       7  LJ-(SR)          8  Coulomb-(SR)  
  9  RF-excl.        10  Potential       11  Kinetic-En.     12  Total-Energy  
 13  Temperature     14  Pressure-(bar)  15  Vir-XX          16  Vir-XY        
 17  Vir-XZ          18  Vir-YX          19  Vir-YY          20  Vir-YZ        
 21  Vir-ZX          22  Vir-ZY          23  Vir-ZZ          24  Pres-XX-(bar) 
 25  Pres-XY-(bar)   26  Pres-XZ-(bar)   27  Pres-YX-(bar)   28  Pres-YY-(bar) 
 29  Pres-YZ-(bar)   30  Pres-ZX-(bar)   31  Pres-ZY-(bar)   32  Pres-ZZ-(bar) 
 33  #Surf*SurfTen   34  Mu-X            35  Mu-Y            36  Mu-Z          
 37  Coul-SR:MonomerA-MonomerA           38  LJ-SR:MonomerA-MonomerA           
 39  Coul-14:MonomerA-MonomerA           40  LJ-14:MonomerA-MonomerA           
 41  Coul-SR:MonomerA-MonomerB           42  LJ-SR:MonomerA-MonomerB           
 43  Coul-14:MonomerA-MonomerB           44  LJ-14:MonomerA-MonomerB           
 45  Coul-SR:MonomerB-MonomerB           46  LJ-SR:MonomerB-MonomerB           
 47  Coul-14:MonomerB-MonomerB           48  LJ-14:MonomerB-MonomerB           
 49  T-rest        


Back Off! I just backed up TMP_Coul-SR:MonomerA-MonomerB.xvg to ./#TMP_Coul-SR:MonomerA-MonomerB.xvg.5#
Reading energy frame      0 time    0.000         Last energy frame read 0 time    0.000         

GROMACS reminds you: "It's an easy game, just don't let the ball past!" (Szilard Pall)


Statistics over 1 steps [ 0.0000 through 0.0000 ps ], 1 data sets
All statistics are over 1 points

Energy                      Average   Err.Est.       RMSD  Tot-Drift
-------------------------------------------------------------------------------
Coul-SR:MonomerA-MonomerB   -227.049         --          0          0  (kJ/mol)
              :-) GROMACS - gmx energy, 2020.1-Ubuntu-2020.1-1 (-:

                            GROMACS is written by:
     Emile Apol      Rossen Apostolov      Paul Bauer     Herman J.C. Berendsen
    Par Bjelkmar      Christian Blau   Viacheslav Bolnykh     Kevin Boyd    
 Aldert van Buuren   Rudi van Drunen     Anton Feenstra       Alan Gray     
  Gerrit Groenhof     Anca Hamuraru    Vincent Hindriksen  M. Eric Irrgang  
  Aleksei Iupinov   Christoph Junghans     Joe Jordan     Dimitrios Karkoulis
    Peter Kasson        Jiri Kraus      Carsten Kutzner      Per Larsson    
  Justin A. Lemkul    Viveca Lindahl    Magnus Lundborg     Erik Marklund   
    Pascal Merz     Pieter Meulenhoff    Teemu Murtola       Szilard Pall   
    Sander Pronk      Roland Schulz      Michael Shirts    Alexey Shvetsov  
   Alfons Sijbers     Peter Tieleman      Jon Vincent      Teemu Virolainen 
 Christian Wennberg    Maarten Wolf      Artem Zhmurov   
                           and the project leaders:
        Mark Abraham, Berk Hess, Erik Lindahl, and David van der Spoel

Copyright (c) 1991-2000, University of Groningen, The Netherlands.
Copyright (c) 2001-2019, The GROMACS development team at
Uppsala University, Stockholm University and
the Royal Institute of Technology, Sweden.
check out http://www.gromacs.org for more information.

GROMACS is free software; you can redistribute it and/or modify it
under the terms of the GNU Lesser General Public License
as published by the Free Software Foundation; either version 2.1
of the License, or (at your option) any later version.

GROMACS:      gmx energy, version 2020.1-Ubuntu-2020.1-1
Executable:   /usr/bin/gmx
Data prefix:  /usr
Working dir:  /home/joaov/Dropbox/Share-MMS-2020/JVitorino_-_MM-PBSA/MM-PBSA/03_python-mmpbsa_calculation
Command line:
  gmx energy -f TMP.edr -o TMP_Coul-SR:MonomerA-MonomerB.xvg

Note: enx file_version 1, software version 5
Opened TMP.edr as single precision energy file
Note: enx file_version 1, software version 5

Select the terms you want from the following list by
selecting either (part of) the name or the number or a combination.
End your selection with an empty line or a zero.
-------------------------------------------------------------------
  1  G96Bond          2  G96Angle         3  Proper-Dih.      4  Improper-Dih. 
  5  LJ-14            6  Coulomb-14       7  LJ-(SR)          8  Coulomb-(SR)  
  9  RF-excl.        10  Potential       11  Kinetic-En.     12  Total-Energy  
 13  Temperature     14  Pressure-(bar)  15  Vir-XX          16  Vir-XY        
 17  Vir-XZ          18  Vir-YX          19  Vir-YY          20  Vir-YZ        
 21  Vir-ZX          22  Vir-ZY          23  Vir-ZZ          24  Pres-XX-(bar) 
 25  Pres-XY-(bar)   26  Pres-XZ-(bar)   27  Pres-YX-(bar)   28  Pres-YY-(bar) 
 29  Pres-YZ-(bar)   30  Pres-ZX-(bar)   31  Pres-ZY-(bar)   32  Pres-ZZ-(bar) 
 33  #Surf*SurfTen   34  Mu-X            35  Mu-Y            36  Mu-Z          
 37  Coul-SR:MonomerA-MonomerA           38  LJ-SR:MonomerA-MonomerA           
 39  Coul-14:MonomerA-MonomerA           40  LJ-14:MonomerA-MonomerA           
 41  Coul-SR:MonomerA-MonomerB           42  LJ-SR:MonomerA-MonomerB           
 43  Coul-14:MonomerA-MonomerB           44  LJ-14:MonomerA-MonomerB           
 45  Coul-SR:MonomerB-MonomerB           46  LJ-SR:MonomerB-MonomerB           
 47  Coul-14:MonomerB-MonomerB           48  LJ-14:MonomerB-MonomerB           
 49  T-rest        


Back Off! I just backed up TMP_Coul-SR:MonomerA-MonomerB.xvg to ./#TMP_Coul-SR:MonomerA-MonomerB.xvg.6#
Reading energy frame      0 time    0.000         Last energy frame read 0 time    0.000         

GROMACS reminds you: "You see it through a charmed medium: you can not discern that the gilding is slime and the silk draperies cobwebs; that the marble is sordid slate, and the polished woods mere refuse chips and scale bark." (Mr. Rochester in Jane Eyre by Charlotte Bronte)


Statistics over 1 steps [ 0.0000 through 0.0000 ps ], 1 data sets
All statistics are over 1 points

Energy                      Average   Err.Est.       RMSD  Tot-Drift
-------------------------------------------------------------------------------
Coul-SR:MonomerA-MonomerB   -227.049         --          0          0  (kJ/mol)
              :-) GROMACS - gmx energy, 2020.1-Ubuntu-2020.1-1 (-:

                            GROMACS is written by:
     Emile Apol      Rossen Apostolov      Paul Bauer     Herman J.C. Berendsen
    Par Bjelkmar      Christian Blau   Viacheslav Bolnykh     Kevin Boyd    
 Aldert van Buuren   Rudi van Drunen     Anton Feenstra       Alan Gray     
  Gerrit Groenhof     Anca Hamuraru    Vincent Hindriksen  M. Eric Irrgang  
  Aleksei Iupinov   Christoph Junghans     Joe Jordan     Dimitrios Karkoulis
    Peter Kasson        Jiri Kraus      Carsten Kutzner      Per Larsson    
  Justin A. Lemkul    Viveca Lindahl    Magnus Lundborg     Erik Marklund   
    Pascal Merz     Pieter Meulenhoff    Teemu Murtola       Szilard Pall   
    Sander Pronk      Roland Schulz      Michael Shirts    Alexey Shvetsov  
   Alfons Sijbers     Peter Tieleman      Jon Vincent      Teemu Virolainen 
 Christian Wennberg    Maarten Wolf      Artem Zhmurov   
                           and the project leaders:
        Mark Abraham, Berk Hess, Erik Lindahl, and David van der Spoel

Copyright (c) 1991-2000, University of Groningen, The Netherlands.
Copyright (c) 2001-2019, The GROMACS development team at
Uppsala University, Stockholm University and
the Royal Institute of Technology, Sweden.
check out http://www.gromacs.org for more information.

GROMACS is free software; you can redistribute it and/or modify it
under the terms of the GNU Lesser General Public License
as published by the Free Software Foundation; either version 2.1
of the License, or (at your option) any later version.

GROMACS:      gmx energy, version 2020.1-Ubuntu-2020.1-1
Executable:   /usr/bin/gmx
Data prefix:  /usr
Working dir:  /home/joaov/Dropbox/Share-MMS-2020/JVitorino_-_MM-PBSA/MM-PBSA/03_python-mmpbsa_calculation
Command line:
  gmx energy -f TMP.edr -o TMP_Coul-SR:MonomerA-MonomerB.xvg

Note: enx file_version 1, software version 5
Opened TMP.edr as single precision energy file
Note: enx file_version 1, software version 5

Select the terms you want from the following list by
selecting either (part of) the name or the number or a combination.
End your selection with an empty line or a zero.
-------------------------------------------------------------------
  1  G96Bond          2  G96Angle         3  Proper-Dih.      4  Improper-Dih. 
  5  LJ-14            6  Coulomb-14       7  LJ-(SR)          8  Coulomb-(SR)  
  9  RF-excl.        10  Potential       11  Kinetic-En.     12  Total-Energy  
 13  Temperature     14  Pressure-(bar)  15  Vir-XX          16  Vir-XY        
 17  Vir-XZ          18  Vir-YX          19  Vir-YY          20  Vir-YZ        
 21  Vir-ZX          22  Vir-ZY          23  Vir-ZZ          24  Pres-XX-(bar) 
 25  Pres-XY-(bar)   26  Pres-XZ-(bar)   27  Pres-YX-(bar)   28  Pres-YY-(bar) 
 29  Pres-YZ-(bar)   30  Pres-ZX-(bar)   31  Pres-ZY-(bar)   32  Pres-ZZ-(bar) 
 33  #Surf*SurfTen   34  Mu-X            35  Mu-Y            36  Mu-Z          
 37  Coul-SR:MonomerA-MonomerA           38  LJ-SR:MonomerA-MonomerA           
 39  Coul-14:MonomerA-MonomerA           40  LJ-14:MonomerA-MonomerA           
 41  Coul-SR:MonomerA-MonomerB           42  LJ-SR:MonomerA-MonomerB           
 43  Coul-14:MonomerA-MonomerB           44  LJ-14:MonomerA-MonomerB           
 45  Coul-SR:MonomerB-MonomerB           46  LJ-SR:MonomerB-MonomerB           
 47  Coul-14:MonomerB-MonomerB           48  LJ-14:MonomerB-MonomerB           
 49  T-rest        


Back Off! I just backed up TMP_Coul-SR:MonomerA-MonomerB.xvg to ./#TMP_Coul-SR:MonomerA-MonomerB.xvg.7#
Reading energy frame      0 time    0.000         Last energy frame read 0 time    0.000         

GROMACS reminds you: "Make the Floor Burn" (2 Unlimited)


Statistics over 1 steps [ 0.0000 through 0.0000 ps ], 1 data sets
All statistics are over 1 points

Energy                      Average   Err.Est.       RMSD  Tot-Drift
-------------------------------------------------------------------------------
Coul-SR:MonomerA-MonomerB   -227.049         --          0          0  (kJ/mol)
              :-) GROMACS - gmx energy, 2020.1-Ubuntu-2020.1-1 (-:

                            GROMACS is written by:
     Emile Apol      Rossen Apostolov      Paul Bauer     Herman J.C. Berendsen
    Par Bjelkmar      Christian Blau   Viacheslav Bolnykh     Kevin Boyd    
 Aldert van Buuren   Rudi van Drunen     Anton Feenstra       Alan Gray     
  Gerrit Groenhof     Anca Hamuraru    Vincent Hindriksen  M. Eric Irrgang  
  Aleksei Iupinov   Christoph Junghans     Joe Jordan     Dimitrios Karkoulis
    Peter Kasson        Jiri Kraus      Carsten Kutzner      Per Larsson    
  Justin A. Lemkul    Viveca Lindahl    Magnus Lundborg     Erik Marklund   
    Pascal Merz     Pieter Meulenhoff    Teemu Murtola       Szilard Pall   
    Sander Pronk      Roland Schulz      Michael Shirts    Alexey Shvetsov  
   Alfons Sijbers     Peter Tieleman      Jon Vincent      Teemu Virolainen 
 Christian Wennberg    Maarten Wolf      Artem Zhmurov   
                           and the project leaders:
        Mark Abraham, Berk Hess, Erik Lindahl, and David van der Spoel

Copyright (c) 1991-2000, University of Groningen, The Netherlands.
Copyright (c) 2001-2019, The GROMACS development team at
Uppsala University, Stockholm University and
the Royal Institute of Technology, Sweden.
check out http://www.gromacs.org for more information.

GROMACS is free software; you can redistribute it and/or modify it
under the terms of the GNU Lesser General Public License
as published by the Free Software Foundation; either version 2.1
of the License, or (at your option) any later version.

GROMACS:      gmx energy, version 2020.1-Ubuntu-2020.1-1
Executable:   /usr/bin/gmx
Data prefix:  /usr
Working dir:  /home/joaov/Dropbox/Share-MMS-2020/JVitorino_-_MM-PBSA/MM-PBSA/03_python-mmpbsa_calculation
Command line:
  gmx energy -f TMP.edr -o TMP_Coul-SR:MonomerA-MonomerB.xvg

Note: enx file_version 1, software version 5
Opened TMP.edr as single precision energy file
Note: enx file_version 1, software version 5

Select the terms you want from the following list by
selecting either (part of) the name or the number or a combination.
End your selection with an empty line or a zero.
-------------------------------------------------------------------
  1  G96Bond          2  G96Angle         3  Proper-Dih.      4  Improper-Dih. 
  5  LJ-14            6  Coulomb-14       7  LJ-(SR)          8  Coulomb-(SR)  
  9  RF-excl.        10  Potential       11  Kinetic-En.     12  Total-Energy  
 13  Temperature     14  Pressure-(bar)  15  Vir-XX          16  Vir-XY        
 17  Vir-XZ          18  Vir-YX          19  Vir-YY          20  Vir-YZ        
 21  Vir-ZX          22  Vir-ZY          23  Vir-ZZ          24  Pres-XX-(bar) 
 25  Pres-XY-(bar)   26  Pres-XZ-(bar)   27  Pres-YX-(bar)   28  Pres-YY-(bar) 
 29  Pres-YZ-(bar)   30  Pres-ZX-(bar)   31  Pres-ZY-(bar)   32  Pres-ZZ-(bar) 
 33  #Surf*SurfTen   34  Mu-X            35  Mu-Y            36  Mu-Z          
 37  Coul-SR:MonomerA-MonomerA           38  LJ-SR:MonomerA-MonomerA           
 39  Coul-14:MonomerA-MonomerA           40  LJ-14:MonomerA-MonomerA           
 41  Coul-SR:MonomerA-MonomerB           42  LJ-SR:MonomerA-MonomerB           
 43  Coul-14:MonomerA-MonomerB           44  LJ-14:MonomerA-MonomerB           
 45  Coul-SR:MonomerB-MonomerB           46  LJ-SR:MonomerB-MonomerB           
 47  Coul-14:MonomerB-MonomerB           48  LJ-14:MonomerB-MonomerB           
 49  T-rest        


Back Off! I just backed up TMP_Coul-SR:MonomerA-MonomerB.xvg to ./#TMP_Coul-SR:MonomerA-MonomerB.xvg.8#
Reading energy frame      0 time    0.000         Last energy frame read 0 time    0.000         

GROMACS reminds you: "A real scientist solves problems, not wails that they are unsolvable." (Anne McCaffrey)


Statistics over 1 steps [ 0.0000 through 0.0000 ps ], 1 data sets
All statistics are over 1 points

Energy                      Average   Err.Est.       RMSD  Tot-Drift
-------------------------------------------------------------------------------
Coul-SR:MonomerA-MonomerB   -227.049         --          0          0  (kJ/mol)
              :-) GROMACS - gmx energy, 2020.1-Ubuntu-2020.1-1 (-:

                            GROMACS is written by:
     Emile Apol      Rossen Apostolov      Paul Bauer     Herman J.C. Berendsen
    Par Bjelkmar      Christian Blau   Viacheslav Bolnykh     Kevin Boyd    
 Aldert van Buuren   Rudi van Drunen     Anton Feenstra       Alan Gray     
  Gerrit Groenhof     Anca Hamuraru    Vincent Hindriksen  M. Eric Irrgang  
  Aleksei Iupinov   Christoph Junghans     Joe Jordan     Dimitrios Karkoulis
    Peter Kasson        Jiri Kraus      Carsten Kutzner      Per Larsson    
  Justin A. Lemkul    Viveca Lindahl    Magnus Lundborg     Erik Marklund   
    Pascal Merz     Pieter Meulenhoff    Teemu Murtola       Szilard Pall   
    Sander Pronk      Roland Schulz      Michael Shirts    Alexey Shvetsov  
   Alfons Sijbers     Peter Tieleman      Jon Vincent      Teemu Virolainen 
 Christian Wennberg    Maarten Wolf      Artem Zhmurov   
                           and the project leaders:
        Mark Abraham, Berk Hess, Erik Lindahl, and David van der Spoel

Copyright (c) 1991-2000, University of Groningen, The Netherlands.
Copyright (c) 2001-2019, The GROMACS development team at
Uppsala University, Stockholm University and
the Royal Institute of Technology, Sweden.
check out http://www.gromacs.org for more information.

GROMACS is free software; you can redistribute it and/or modify it
under the terms of the GNU Lesser General Public License
as published by the Free Software Foundation; either version 2.1
of the License, or (at your option) any later version.

GROMACS:      gmx energy, version 2020.1-Ubuntu-2020.1-1
Executable:   /usr/bin/gmx
Data prefix:  /usr
Working dir:  /home/joaov/Dropbox/Share-MMS-2020/JVitorino_-_MM-PBSA/MM-PBSA/03_python-mmpbsa_calculation
Command line:
  gmx energy -f TMP.edr -o TMP_Coul-SR:MonomerA-MonomerB.xvg

Note: enx file_version 1, software version 5
Opened TMP.edr as single precision energy file
Note: enx file_version 1, software version 5

Select the terms you want from the following list by
selecting either (part of) the name or the number or a combination.
End your selection with an empty line or a zero.
-------------------------------------------------------------------
  1  G96Bond          2  G96Angle         3  Proper-Dih.      4  Improper-Dih. 
  5  LJ-14            6  Coulomb-14       7  LJ-(SR)          8  Coulomb-(SR)  
  9  RF-excl.        10  Potential       11  Kinetic-En.     12  Total-Energy  
 13  Temperature     14  Pressure-(bar)  15  Vir-XX          16  Vir-XY        
 17  Vir-XZ          18  Vir-YX          19  Vir-YY          20  Vir-YZ        
 21  Vir-ZX          22  Vir-ZY          23  Vir-ZZ          24  Pres-XX-(bar) 
 25  Pres-XY-(bar)   26  Pres-XZ-(bar)   27  Pres-YX-(bar)   28  Pres-YY-(bar) 
 29  Pres-YZ-(bar)   30  Pres-ZX-(bar)   31  Pres-ZY-(bar)   32  Pres-ZZ-(bar) 
 33  #Surf*SurfTen   34  Mu-X            35  Mu-Y            36  Mu-Z          
 37  Coul-SR:MonomerA-MonomerA           38  LJ-SR:MonomerA-MonomerA           
 39  Coul-14:MonomerA-MonomerA           40  LJ-14:MonomerA-MonomerA           
 41  Coul-SR:MonomerA-MonomerB           42  LJ-SR:MonomerA-MonomerB           
 43  Coul-14:MonomerA-MonomerB           44  LJ-14:MonomerA-MonomerB           
 45  Coul-SR:MonomerB-MonomerB           46  LJ-SR:MonomerB-MonomerB           
 47  Coul-14:MonomerB-MonomerB           48  LJ-14:MonomerB-MonomerB           
 49  T-rest        


Back Off! I just backed up TMP_Coul-SR:MonomerA-MonomerB.xvg to ./#TMP_Coul-SR:MonomerA-MonomerB.xvg.9#
Reading energy frame      0 time    0.000         Last energy frame read 0 time    0.000         

GROMACS reminds you: "Fifty years of programming language research, and we end up with C++???" (Richard O'Keefe)


Statistics over 1 steps [ 0.0000 through 0.0000 ps ], 1 data sets
All statistics are over 1 points

Energy                      Average   Err.Est.       RMSD  Tot-Drift
-------------------------------------------------------------------------------
Coul-SR:MonomerA-MonomerB   -227.049         --          0          0  (kJ/mol)
              :-) GROMACS - gmx energy, 2020.1-Ubuntu-2020.1-1 (-:

                            GROMACS is written by:
     Emile Apol      Rossen Apostolov      Paul Bauer     Herman J.C. Berendsen
    Par Bjelkmar      Christian Blau   Viacheslav Bolnykh     Kevin Boyd    
 Aldert van Buuren   Rudi van Drunen     Anton Feenstra       Alan Gray     
  Gerrit Groenhof     Anca Hamuraru    Vincent Hindriksen  M. Eric Irrgang  
  Aleksei Iupinov   Christoph Junghans     Joe Jordan     Dimitrios Karkoulis
    Peter Kasson        Jiri Kraus      Carsten Kutzner      Per Larsson    
  Justin A. Lemkul    Viveca Lindahl    Magnus Lundborg     Erik Marklund   
    Pascal Merz     Pieter Meulenhoff    Teemu Murtola       Szilard Pall   
    Sander Pronk      Roland Schulz      Michael Shirts    Alexey Shvetsov  
   Alfons Sijbers     Peter Tieleman      Jon Vincent      Teemu Virolainen 
 Christian Wennberg    Maarten Wolf      Artem Zhmurov   
                           and the project leaders:
        Mark Abraham, Berk Hess, Erik Lindahl, and David van der Spoel

Copyright (c) 1991-2000, University of Groningen, The Netherlands.
Copyright (c) 2001-2019, The GROMACS development team at
Uppsala University, Stockholm University and
the Royal Institute of Technology, Sweden.
check out http://www.gromacs.org for more information.

GROMACS is free software; you can redistribute it and/or modify it
under the terms of the GNU Lesser General Public License
as published by the Free Software Foundation; either version 2.1
of the License, or (at your option) any later version.

GROMACS:      gmx energy, version 2020.1-Ubuntu-2020.1-1
Executable:   /usr/bin/gmx
Data prefix:  /usr
Working dir:  /home/joaov/Dropbox/Share-MMS-2020/JVitorino_-_MM-PBSA/MM-PBSA/03_python-mmpbsa_calculation
Command line:
  gmx energy -f TMP.edr -o TMP_LJ-SR:MonomerA-MonomerB.xvg

Note: enx file_version 1, software version 5
Opened TMP.edr as single precision energy file
Note: enx file_version 1, software version 5

Select the terms you want from the following list by
selecting either (part of) the name or the number or a combination.
End your selection with an empty line or a zero.
-------------------------------------------------------------------
  1  G96Bond          2  G96Angle         3  Proper-Dih.      4  Improper-Dih. 
  5  LJ-14            6  Coulomb-14       7  LJ-(SR)          8  Coulomb-(SR)  
  9  RF-excl.        10  Potential       11  Kinetic-En.     12  Total-Energy  
 13  Temperature     14  Pressure-(bar)  15  Vir-XX          16  Vir-XY        
 17  Vir-XZ          18  Vir-YX          19  Vir-YY          20  Vir-YZ        
 21  Vir-ZX          22  Vir-ZY          23  Vir-ZZ          24  Pres-XX-(bar) 
 25  Pres-XY-(bar)   26  Pres-XZ-(bar)   27  Pres-YX-(bar)   28  Pres-YY-(bar) 
 29  Pres-YZ-(bar)   30  Pres-ZX-(bar)   31  Pres-ZY-(bar)   32  Pres-ZZ-(bar) 
 33  #Surf*SurfTen   34  Mu-X            35  Mu-Y            36  Mu-Z          
 37  Coul-SR:MonomerA-MonomerA           38  LJ-SR:MonomerA-MonomerA           
 39  Coul-14:MonomerA-MonomerA           40  LJ-14:MonomerA-MonomerA           
 41  Coul-SR:MonomerA-MonomerB           42  LJ-SR:MonomerA-MonomerB           
 43  Coul-14:MonomerA-MonomerB           44  LJ-14:MonomerA-MonomerB           
 45  Coul-SR:MonomerB-MonomerB           46  LJ-SR:MonomerB-MonomerB           
 47  Coul-14:MonomerB-MonomerB           48  LJ-14:MonomerB-MonomerB           
 49  T-rest        


Back Off! I just backed up TMP_LJ-SR:MonomerA-MonomerB.xvg to ./#TMP_LJ-SR:MonomerA-MonomerB.xvg.1#
Reading energy frame      0 time    0.000         Last energy frame read 0 time    0.000         

GROMACS reminds you: "You could give Aristotle a tutorial. And you could thrill him to the core of his being. Such is the privilege of living after Newton, Darwin, Einstein, Planck, Watson, Crick and their colleagues." (Richard Dawkins)


Statistics over 1 steps [ 0.0000 through 0.0000 ps ], 1 data sets
All statistics are over 1 points

Energy                      Average   Err.Est.       RMSD  Tot-Drift
-------------------------------------------------------------------------------
LJ-SR:MonomerA-MonomerB    -198.371         --          0          0  (kJ/mol)
                         :-)  G  R  O  M  A  C  S  (-:

               Giving Russians Opium May Alter Current Situation

                            :-)  VERSION 4.0.7  (-:


      Written by David van der Spoel, Erik Lindahl, Berk Hess, and others.
       Copyright (c) 1991-2000, University of Groningen, The Netherlands.
             Copyright (c) 2001-2008, The GROMACS development team,
            check out http://www.gromacs.org for more information.

         This program is free software; you can redistribute it and/or
          modify it under the terms of the GNU General Public License
         as published by the Free Software Foundation; either version 2
             of the License, or (at your option) any later version.

:-)  /programs/gromacs-OpenMPI2/gromacs-AMD/gromacs-4.0.7_pH_I/bin/g_energy  (-:

Option     Filename  Type         Description
------------------------------------------------------------
  -f        TMP.edr  Input        Energy file: edr ene
 -f2       ener.edr  Input, Opt.  Energy file: edr ene
  -s      topol.tpr  Input, Opt.  Run input file: tpr tpb tpa
  -o TMP_Coul-SR:MonomerA-MonomerB.xvg  Output       xvgr/xmgr file
-viol  violaver.xvg  Output, Opt. xvgr/xmgr file
-pairs    pairs.xvg  Output, Opt. xvgr/xmgr file
-ora    orienta.xvg  Output, Opt. xvgr/xmgr file
-ort    orientt.xvg  Output, Opt. xvgr/xmgr file
-oda    orideva.xvg  Output, Opt. xvgr/xmgr file
-odr    oridevr.xvg  Output, Opt. xvgr/xmgr file
-odt    oridevt.xvg  Output, Opt. xvgr/xmgr file
-oten    oriten.xvg  Output, Opt. xvgr/xmgr file
-corr   enecorr.xvg  Output, Opt. xvgr/xmgr file
-vis      visco.xvg  Output, Opt. xvgr/xmgr file
-ravg  runavgdf.xvg  Output, Opt. xvgr/xmgr file

Option       Type   Value   Description
------------------------------------------------------
-[no]h       bool   no      Print help info and quit
-nice        int    19      Set the nicelevel
-b           time   0       First frame (ps) to read from trajectory
-e           time   0       Last frame (ps) to read from trajectory
-[no]w       bool   no      View output xvg, xpm, eps and pdb files
-[no]xvgr    bool   yes     Add specific codes (legends etc.) in the output
                            xvg files for the xmgrace program
-[no]fee     bool   no      Do a free energy estimate
-fetemp      real   300     Reference temperature for free energy calculation
-zero        real   0       Subtract a zero-point energy
-[no]sum     bool   no      Sum the energy terms selected rather than display
                            them all
-[no]dp      bool   no      Print energies in high precision
-[no]mutot   bool   no      Compute the total dipole moment from the
                            components
-[no]uni     bool   yes     Skip non-uniformly spaced frames
-skip        int    0       Skip number of frames between data points
-[no]aver    bool   no      Print also the X1,t and sigma1,t, only if only 1
                            energy is requested
-nmol        int    1       Number of molecules in your sample: the energies
                            are divided by this number
-ndf         int    3       Number of degrees of freedom per molecule.
                            Necessary for calculating the heat capacity
-[no]fluc    bool   no      Calculate autocorrelation of energy fluctuations
                            rather than energy itself
-[no]orinst  bool   no      Analyse instantaneous orientation data
-[no]ovec    bool   no      Also plot the eigenvectors with -oten
-acflen      int    -1      Length of the ACF, default is half the number of
                            frames
-[no]normalize bool yes     Normalize ACF
-P           enum   0       Order of Legendre polynomial for ACF (0 indicates
                            none): 0, 1, 2 or 3
-fitfn       enum   none    Fit function: none, exp, aexp, exp_exp, vac,
                            exp5, exp7 or exp9
-ncskip      int    0       Skip N points in the output file of correlation
                            functions
-beginfit    real   0       Time where to begin the exponential fit of the
                            correlation function
-endfit      real   -1      Time where to end the exponential fit of the
                            correlation function, -1 is till the end

Opened TMP.edr as single precision energy file

Select the terms you want from the following list by
selecting either (part of) the name or the number or a combination.
End your selection with an empty line or a zero.
-------------------------------------------------------------------
  1  G96Bond          2  G96Angle         3  Proper-Dih.      4  Improper-Dih. 
  5  LJ-14            6  Coulomb-14       7  LJ-(SR)          8  Coulomb-(SR)  
  9  RF-excl.        10  Potential       11  Kinetic-En.     12  Total-Energy  
 13  Temperature     14  Pressure-(bar)  15  Vir-XX          16  Vir-XY        
 17  Vir-XZ          18  Vir-YX          19  Vir-YY          20  Vir-YZ        
 21  Vir-ZX          22  Vir-ZY          23  Vir-ZZ          24  Pres-XX-(bar) 
 25  Pres-XY-(bar)   26  Pres-XZ-(bar)   27  Pres-YX-(bar)   28  Pres-YY-(bar) 
 29  Pres-YZ-(bar)   30  Pres-ZX-(bar)   31  Pres-ZY-(bar)   32  Pres-ZZ-(bar) 
 33  #Surf*SurfTen   34  Mu-X            35  Mu-Y            36  Mu-Z          
 37  Coul-SR:MonomerA-MonomerA           38  LJ-SR:MonomerA-MonomerA           
 39  Coul-14:MonomerA-MonomerA           40  LJ-14:MonomerA-MonomerA           
 41  Coul-SR:MonomerA-MonomerB           42  LJ-SR:MonomerA-MonomerB           
 43  Coul-14:MonomerA-MonomerB           44  LJ-14:MonomerA-MonomerB           
 45  Coul-SR:MonomerB-MonomerB           46  LJ-SR:MonomerB-MonomerB           
 47  Coul-14:MonomerB-MonomerB           48  LJ-14:MonomerB-MonomerB           
 49  T-rest        

Reading energy frame      0 time    0.000           Last energy frame read 0 time    0.000           

gcq#241: "Can't You Make This Thing Go Faster ?" (Black Crowes)

Not enough steps (1) for statistics
                         :-)  G  R  O  M  A  C  S  (-:

               Giving Russians Opium May Alter Current Situation

                            :-)  VERSION 4.0.7  (-:


      Written by David van der Spoel, Erik Lindahl, Berk Hess, and others.
       Copyright (c) 1991-2000, University of Groningen, The Netherlands.
             Copyright (c) 2001-2008, The GROMACS development team,
            check out http://www.gromacs.org for more information.

         This program is free software; you can redistribute it and/or
          modify it under the terms of the GNU General Public License
         as published by the Free Software Foundation; either version 2
             of the License, or (at your option) any later version.

:-)  /programs/gromacs-OpenMPI2/gromacs-AMD/gromacs-4.0.7_pH_I/bin/g_energy  (-:

Option     Filename  Type         Description
------------------------------------------------------------
  -f        TMP.edr  Input        Energy file: edr ene
 -f2       ener.edr  Input, Opt.  Energy file: edr ene
  -s      topol.tpr  Input, Opt.  Run input file: tpr tpb tpa
  -o TMP_LJ-SR:MonomerA-MonomerB.xvg  Output       xvgr/xmgr file
-viol  violaver.xvg  Output, Opt. xvgr/xmgr file
-pairs    pairs.xvg  Output, Opt. xvgr/xmgr file
-ora    orienta.xvg  Output, Opt. xvgr/xmgr file
-ort    orientt.xvg  Output, Opt. xvgr/xmgr file
-oda    orideva.xvg  Output, Opt. xvgr/xmgr file
-odr    oridevr.xvg  Output, Opt. xvgr/xmgr file
-odt    oridevt.xvg  Output, Opt. xvgr/xmgr file
-oten    oriten.xvg  Output, Opt. xvgr/xmgr file
-corr   enecorr.xvg  Output, Opt. xvgr/xmgr file
-vis      visco.xvg  Output, Opt. xvgr/xmgr file
-ravg  runavgdf.xvg  Output, Opt. xvgr/xmgr file

Option       Type   Value   Description
------------------------------------------------------
-[no]h       bool   no      Print help info and quit
-nice        int    19      Set the nicelevel
-b           time   0       First frame (ps) to read from trajectory
-e           time   0       Last frame (ps) to read from trajectory
-[no]w       bool   no      View output xvg, xpm, eps and pdb files
-[no]xvgr    bool   yes     Add specific codes (legends etc.) in the output
                            xvg files for the xmgrace program
-[no]fee     bool   no      Do a free energy estimate
-fetemp      real   300     Reference temperature for free energy calculation
-zero        real   0       Subtract a zero-point energy
-[no]sum     bool   no      Sum the energy terms selected rather than display
                            them all
-[no]dp      bool   no      Print energies in high precision
-[no]mutot   bool   no      Compute the total dipole moment from the
                            components
-[no]uni     bool   yes     Skip non-uniformly spaced frames
-skip        int    0       Skip number of frames between data points
-[no]aver    bool   no      Print also the X1,t and sigma1,t, only if only 1
                            energy is requested
-nmol        int    1       Number of molecules in your sample: the energies
                            are divided by this number
-ndf         int    3       Number of degrees of freedom per molecule.
                            Necessary for calculating the heat capacity
-[no]fluc    bool   no      Calculate autocorrelation of energy fluctuations
                            rather than energy itself
-[no]orinst  bool   no      Analyse instantaneous orientation data
-[no]ovec    bool   no      Also plot the eigenvectors with -oten
-acflen      int    -1      Length of the ACF, default is half the number of
                            frames
-[no]normalize bool yes     Normalize ACF
-P           enum   0       Order of Legendre polynomial for ACF (0 indicates
                            none): 0, 1, 2 or 3
-fitfn       enum   none    Fit function: none, exp, aexp, exp_exp, vac,
                            exp5, exp7 or exp9
-ncskip      int    0       Skip N points in the output file of correlation
                            functions
-beginfit    real   0       Time where to begin the exponential fit of the
                            correlation function
-endfit      real   -1      Time where to end the exponential fit of the
                            correlation function, -1 is till the end

Opened TMP.edr as single precision energy file

Select the terms you want from the following list by
selecting either (part of) the name or the number or a combination.
End your selection with an empty line or a zero.
-------------------------------------------------------------------
  1  G96Bond          2  G96Angle         3  Proper-Dih.      4  Improper-Dih. 
  5  LJ-14            6  Coulomb-14       7  LJ-(SR)          8  Coulomb-(SR)  
  9  RF-excl.        10  Potential       11  Kinetic-En.     12  Total-Energy  
 13  Temperature     14  Pressure-(bar)  15  Vir-XX          16  Vir-XY        
 17  Vir-XZ          18  Vir-YX          19  Vir-YY          20  Vir-YZ        
 21  Vir-ZX          22  Vir-ZY          23  Vir-ZZ          24  Pres-XX-(bar) 
 25  Pres-XY-(bar)   26  Pres-XZ-(bar)   27  Pres-YX-(bar)   28  Pres-YY-(bar) 
 29  Pres-YZ-(bar)   30  Pres-ZX-(bar)   31  Pres-ZY-(bar)   32  Pres-ZZ-(bar) 
 33  #Surf*SurfTen   34  Mu-X            35  Mu-Y            36  Mu-Z          
 37  Coul-SR:MonomerA-MonomerA           38  LJ-SR:MonomerA-MonomerA           
 39  Coul-14:MonomerA-MonomerA           40  LJ-14:MonomerA-MonomerA           
 41  Coul-SR:MonomerA-MonomerB           42  LJ-SR:MonomerA-MonomerB           
 43  Coul-14:MonomerA-MonomerB           44  LJ-14:MonomerA-MonomerB           
 45  Coul-SR:MonomerB-MonomerB           46  LJ-SR:MonomerB-MonomerB           
 47  Coul-14:MonomerB-MonomerB           48  LJ-14:MonomerB-MonomerB           
 49  T-rest        

Reading energy frame      0 time    0.000           Last energy frame read 0 time    0.000           

gcq#241: "Can't You Make This Thing Go Faster ?" (Black Crowes)

Not enough steps (1) for statistics
